<?xml version="1.0" encoding="UTF-8" ?>
<testsuite failures="12" time="0.117" errors="0" skipped="0" tests="12" name="org.server.BankTest">
  <properties>
[...]
</properties>
  <testcase time="0.01" classname="org.server.BankTest" name="org.server.BankTest.testCreateAccount1">
    <failure type="java.lang.NullPointerException">java.lang.NullPointerException
	at org.server.BankTest.testCreateAccount1(BankTest.java:16)
</failure>
    <system-out>@HL
@HL-------------------------------------------------------
@HL T E S T S
@HL-------------------------------------------------------
@SLRunning org.server.BankTest
</system-out>
  </testcase>
  <testcase time="0.017" classname="org.server.BankTest" name="org.server.BankTest.testFindAccount1">
    <failure type="java.lang.NullPointerException">java.lang.NullPointerException
	at org.server.BankTest.testFindAccount1(BankTest.java:23)
</failure>
  </testcase>
  <testcase time="0.003" classname="org.server.BankTest" name="org.server.BankTest.testFindAccount2">
    <failure type="java.lang.NullPointerException">java.lang.NullPointerException
	at org.server.BankTest.testFindAccount2(BankTest.java:30)
</failure>
  </testcase>
  <testcase time="0.004" classname="org.server.BankTest" name="org.server.BankTest.testDeposit1">
    <failure type="java.lang.NullPointerException">java.lang.NullPointerException
	at org.server.BankTest.testDeposit1(BankTest.java:36)
</failure>
  </testcase>
  <testcase time="0.019" classname="org.server.BankTest" name="org.server.BankTest.testDeposit2">
    <failure type="java.lang.NullPointerException">java.lang.NullPointerException
	at org.server.BankTest.testDeposit2(BankTest.java:44)
</failure>
  </testcase>
  <testcase time="0.003" classname="org.server.BankTest" name="org.server.BankTest.testWithdraw1">
    <failure type="java.lang.NullPointerException">java.lang.NullPointerException
	at org.server.BankTest.testWithdraw1(BankTest.java:55)
</failure>
  </testcase>
  <testcase time="0.003" classname="org.server.BankTest" name="org.server.BankTest.testWithdraw2">
    <failure type="java.lang.NullPointerException">java.lang.NullPointerException
	at org.server.BankTest.testWithdraw2(BankTest.java:63)
</failure>
  </testcase>
  <testcase time="0.002" classname="org.server.BankTest" name="org.server.BankTest.testTransfer1">
    <failure type="java.lang.NullPointerException">java.lang.NullPointerException
	at org.server.BankTest.testTransfer1(BankTest.java:70)
</failure>
  </testcase>
  <testcase time="0.002" classname="org.server.BankTest" name="org.server.BankTest.testTransfer2">
    <failure type="java.lang.NullPointerException">java.lang.NullPointerException
	at org.server.BankTest.testTransfer2(BankTest.java:76)
</failure>
  </testcase>
  <testcase time="0.002" classname="org.server.BankTest" name="org.server.BankTest.testTransfer3">
    <failure type="java.lang.NullPointerException">java.lang.NullPointerException
	at org.server.BankTest.testTransfer3(BankTest.java:82)
</failure>
  </testcase>
  <testcase time="0.005" classname="org.server.BankTest" name="org.server.BankTest.testTransfer4">
    <failure type="java.lang.NullPointerException">java.lang.NullPointerException
	at org.server.BankTest.testTransfer4(BankTest.java:89)
</failure>
  </testcase>
  <testcase time="0.009" classname="org.server.BankTest" name="org.server.BankTest.testTransfer5">
    <failure type="java.lang.NullPointerException">java.lang.NullPointerException
	at org.server.BankTest.testTransfer5(BankTest.java:96)
</failure>
  </testcase>
</testsuite>